  eventManager.cpp
  main.cpp
  object.cpp
D:\Apis3D\TEORIA\DEMO\DEMO\object.cpp(79,22): warning C4305: '-=': truncamiento de 'double' a 'T'
          with
          [
              T=float
          ]
D:\Apis3D\TEORIA\DEMO\DEMO\object.cpp(84,22): warning C4305: '+=': truncamiento de 'double' a 'T'
          with
          [
              T=float
          ]
  render.cpp
  shaderManager.cpp
  Generando código...
LINK : warning LNK4098: la biblioteca predeterminada'MSVCRT' entra en conflicto con otras bibliotecas; use la biblioteca /NODEFAULTLIB:biblioteca
LINK : warning LNK4098: la biblioteca predeterminada'LIBCMT' entra en conflicto con otras bibliotecas; use la biblioteca /NODEFAULTLIB:biblioteca
glew32s.lib(glew.obj) : warning LNK4099: no se encontró PDB 'glew_static.pdb' con 'glew32s.lib(glew.obj)' o en 'D:\Apis3D\TEORIA\DEMO\x64\Debug\glew_static.pdb'; se vinculará el objeto sin tener en cuenta información de depuración
  DEMO.vcxproj -> D:\Apis3D\TEORIA\DEMO\x64\Debug\DEMO.exe
