d:\apis3d\practicas\p2\p1\x64\debug\vc142.pdb
d:\apis3d\practicas\p2\p1\x64\debug\vc142.idb
d:\apis3d\practicas\p2\p1\x64\debug\triangulorot.obj
d:\apis3d\practicas\p2\p1\x64\debug\object3d.obj
d:\apis3d\practicas\p2\p1\x64\debug\mesh3d.obj
d:\apis3d\practicas\p2\p1\x64\debug\main.obj
d:\apis3d\practicas\p2\p1\x64\debug\glslshader.obj
d:\apis3d\practicas\p2\p1\x64\debug\glrender.obj
d:\apis3d\practicas\p2\p1\x64\debug\eventmanager.obj
d:\apis3d\practicas\p2\p1\x64\debug\state.obj
d:\apis3d\practicas\p2\p1\x64\debug\world.obj
d:\apis3d\practicas\p2\p1\x64\debug\entity.obj
d:\apis3d\practicas\p2\p1\x64\debug\camera.obj
d:\apis3d\practicas\p2\x64\debug\p2.exe
d:\apis3d\practicas\p2\x64\debug\p2.ilk
d:\apis3d\practicas\p2\x64\debug\p2.pdb
d:\apis3d\practicas\p2\p1\x64\debug\p2.tlog\cl.command.1.tlog
d:\apis3d\practicas\p2\p1\x64\debug\p2.tlog\cl.read.1.tlog
d:\apis3d\practicas\p2\p1\x64\debug\p2.tlog\cl.write.1.tlog
d:\apis3d\practicas\p2\p1\x64\debug\p2.tlog\link.14904-cvtres.read.1.tlog
d:\apis3d\practicas\p2\p1\x64\debug\p2.tlog\link.14904-cvtres.write.1.tlog
d:\apis3d\practicas\p2\p1\x64\debug\p2.tlog\link.14904-rc.read.1.tlog
d:\apis3d\practicas\p2\p1\x64\debug\p2.tlog\link.14904-rc.write.1.tlog
d:\apis3d\practicas\p2\p1\x64\debug\p2.tlog\link.14904.read.1.tlog
d:\apis3d\practicas\p2\p1\x64\debug\p2.tlog\link.14904.write.1.tlog
d:\apis3d\practicas\p2\p1\x64\debug\p2.tlog\link.command.1.tlog
d:\apis3d\practicas\p2\p1\x64\debug\p2.tlog\link.read.1.tlog
d:\apis3d\practicas\p2\p1\x64\debug\p2.tlog\link.write.1.tlog
